<?xml version="1.0" encoding="UTF-8"?>
<!-- Generated by org.testng.reporters.JUnitReportReporter -->
<testsuite hostname="DESKTOP-50I6RCA" failures="0" tests="4" name="testcases.Bookshelvesverify" time="20.393" errors="0" timestamp="2024-02-19T12:03:12 IST" skipped="0">
  <testcase classname="testcases.Bookshelvesverify" name="verifyBookShelves" time="9.438"/>
  <testcase classname="testcases.Bookshelvesverify" name="popupClose" time="0.664"/>
  <testcase classname="testcases.Bookshelvesverify" name="setPriceDetails" time="3.791"/>
  <testcase classname="testcases.Bookshelvesverify" name="chooseStoragetype" time="6.500"/>
</testsuite> <!-- testcases.Bookshelvesverify -->
