<?xml version="1.0" encoding="UTF-8"?>
<!-- Generated by org.testng.reporters.JUnitReportReporter -->
<testsuite hostname="LTIN203200" failures="0" tests="8" name="testcases.DropDownCheck" time="2.885" errors="0" timestamp="2024-03-07T16:53:25 IST" skipped="0">
  <testcase classname="testcases.DropDownCheck" name="CheckLiving" time="0.162"/>
  <testcase classname="testcases.DropDownCheck" name="CheckLiving" time="0.191"/>
  <testcase classname="testcases.DropDownCheck" name="SelectLiving" time="0.166"/>
  <testcase classname="testcases.DropDownCheck" name="SelectLiving" time="0.100"/>
  <testcase classname="testcases.DropDownCheck" name="getLivingDetails" time="1.044"/>
  <testcase classname="testcases.DropDownCheck" name="getLivingDetails" time="0.912"/>
  <testcase classname="testcases.DropDownCheck" name="collectingDetails" time="0.154"/>
  <testcase classname="testcases.DropDownCheck" name="collectingDetails" time="0.156"/>
</testsuite> <!-- testcases.DropDownCheck -->
