<?xml version="1.0" encoding="UTF-8"?>
<!-- Generated by org.testng.reporters.JUnitReportReporter -->
<testsuite hostname="LTIN203200" failures="0" tests="8" name="testcases.DropDownCheck" time="4.328" errors="0" timestamp="2024-03-05T09:18:04 IST" skipped="0">
  <testcase classname="testcases.DropDownCheck" name="CheckLiving" time="0.238"/>
  <testcase classname="testcases.DropDownCheck" name="CheckLiving" time="0.258"/>
  <testcase classname="testcases.DropDownCheck" name="SelectLiving" time="0.201"/>
  <testcase classname="testcases.DropDownCheck" name="SelectLiving" time="0.108"/>
  <testcase classname="testcases.DropDownCheck" name="getLivingDetails" time="1.548"/>
  <testcase classname="testcases.DropDownCheck" name="getLivingDetails" time="1.560"/>
  <testcase classname="testcases.DropDownCheck" name="collectingDetails" time="0.260"/>
  <testcase classname="testcases.DropDownCheck" name="collectingDetails" time="0.155"/>
</testsuite> <!-- testcases.DropDownCheck -->
