<?xml version="1.0" encoding="UTF-8"?>
<!-- Generated by org.testng.reporters.JUnitReportReporter -->
<testsuite hostname="LTIN203200" failures="0" tests="26" name="testcases.GiftCardCheck" time="84.765" errors="0" timestamp="2024-03-07T16:53:25 IST" skipped="0">
  <testcase classname="testcases.GiftCardCheck" name="CheckGiftCards" time="2.375"/>
  <testcase classname="testcases.GiftCardCheck" name="CheckGiftCards" time="4.682"/>
  <testcase classname="testcases.GiftCardCheck" name="GetGiftCards" time="33.579"/>
  <testcase classname="testcases.GiftCardCheck" name="GetGiftCards" time="31.454"/>
  <testcase classname="testcases.GiftCardCheck" name="CheckBirthday" time="0.099"/>
  <testcase classname="testcases.GiftCardCheck" name="CheckBirthday" time="0.114"/>
  <testcase classname="testcases.GiftCardCheck" name="SelectBirthday" time="0.202"/>
  <testcase classname="testcases.GiftCardCheck" name="SelectBirthday" time="0.236"/>
  <testcase classname="testcases.GiftCardCheck" name="Checkcustomizationvisible" time="0.214"/>
  <testcase classname="testcases.GiftCardCheck" name="Checkcustomizationvisible" time="0.097"/>
  <testcase classname="testcases.GiftCardCheck" name="Customizing" time="1.028"/>
  <testcase classname="testcases.GiftCardCheck" name="Customizing" time="1.111"/>
  <testcase classname="testcases.GiftCardCheck" name="filldetailsvisible" time="0.086"/>
  <testcase classname="testcases.GiftCardCheck" name="filldetailsvisible" time="0.135"/>
  <testcase classname="testcases.GiftCardCheck" name="invalidDetailsFilling" time="2.736"/>
  <testcase classname="testcases.GiftCardCheck" name="invalidDetailsFilling" time="2.851"/>
  <testcase classname="testcases.GiftCardCheck" name="captureAndDisplayErrorMessage" time="0.305"/>
  <testcase classname="testcases.GiftCardCheck" name="captureAndDisplayErrorMessage" time="0.522"/>
  <testcase classname="testcases.GiftCardCheck" name="validateDetails" time="0.451"/>
  <testcase classname="testcases.GiftCardCheck" name="validateDetails" time="1.435"/>
  <testcase classname="testcases.GiftCardCheck" name="validateAllDetails" time="0.662"/>
  <testcase classname="testcases.GiftCardCheck" name="validateAllDetails" time="0.373"/>
  <testcase classname="testcases.GiftCardCheck" name="writeDetailsToJson" time="0.005"/>
  <testcase classname="testcases.GiftCardCheck" name="writeDetailsToJson" time="0.009"/>
  <testcase classname="testcases.GiftCardCheck" name="compareDetails" time="0.002"/>
  <testcase classname="testcases.GiftCardCheck" name="compareDetails" time="0.002"/>
</testsuite> <!-- testcases.GiftCardCheck -->
