<?xml version="1.0" encoding="UTF-8"?>
<!-- Generated by org.testng.reporters.JUnitReportReporter -->
<testsuite hostname="LTIN203200" failures="0" tests="3" name="regressiontest.RegressionTest" time="58.873" errors="0" timestamp="2024-02-29T14:51:56 IST" skipped="0">
  <testcase classname="regressiontest.RegressionTest" name="bookshelf" time="40.137"/>
  <testcase classname="regressiontest.RegressionTest" name="DropDown" time="1.761"/>
  <testcase classname="regressiontest.RegressionTest" name="GiftCard" time="16.975"/>
</testsuite> <!-- regressiontest.RegressionTest -->
