<?xml version="1.0" encoding="UTF-8"?>
<!-- Generated by org.testng.reporters.JUnitReportReporter -->
<testsuite hostname="LTIN203200" failures="0" tests="26" name="testcases.GiftCardCheck" time="34.975" errors="0" timestamp="2024-03-05T09:18:04 IST" skipped="0">
  <testcase classname="testcases.GiftCardCheck" name="CheckGiftCards" time="2.490"/>
  <testcase classname="testcases.GiftCardCheck" name="CheckGiftCards" time="2.421"/>
  <testcase classname="testcases.GiftCardCheck" name="GetGiftCards" time="8.332"/>
  <testcase classname="testcases.GiftCardCheck" name="GetGiftCards" time="9.096"/>
  <testcase classname="testcases.GiftCardCheck" name="CheckBirthday" time="0.088"/>
  <testcase classname="testcases.GiftCardCheck" name="CheckBirthday" time="0.133"/>
  <testcase classname="testcases.GiftCardCheck" name="SelectBirthday" time="0.191"/>
  <testcase classname="testcases.GiftCardCheck" name="SelectBirthday" time="0.233"/>
  <testcase classname="testcases.GiftCardCheck" name="Checkcustomizationvisible" time="0.099"/>
  <testcase classname="testcases.GiftCardCheck" name="Checkcustomizationvisible" time="0.181"/>
  <testcase classname="testcases.GiftCardCheck" name="Customizing" time="1.131"/>
  <testcase classname="testcases.GiftCardCheck" name="Customizing" time="1.170"/>
  <testcase classname="testcases.GiftCardCheck" name="filldetailsvisible" time="0.140"/>
  <testcase classname="testcases.GiftCardCheck" name="filldetailsvisible" time="0.076"/>
  <testcase classname="testcases.GiftCardCheck" name="invalidDetailsFilling" time="3.075"/>
  <testcase classname="testcases.GiftCardCheck" name="invalidDetailsFilling" time="2.341"/>
  <testcase classname="testcases.GiftCardCheck" name="captureAndDisplayErrorMessage" time="0.588"/>
  <testcase classname="testcases.GiftCardCheck" name="captureAndDisplayErrorMessage" time="0.477"/>
  <testcase classname="testcases.GiftCardCheck" name="validateDetails" time="0.797"/>
  <testcase classname="testcases.GiftCardCheck" name="validateDetails" time="0.966"/>
  <testcase classname="testcases.GiftCardCheck" name="validateAllDetails" time="0.339"/>
  <testcase classname="testcases.GiftCardCheck" name="validateAllDetails" time="0.576"/>
  <testcase classname="testcases.GiftCardCheck" name="writeDetailsToJson" time="0.001"/>
  <testcase classname="testcases.GiftCardCheck" name="writeDetailsToJson" time="0.001"/>
  <testcase classname="testcases.GiftCardCheck" name="compareDetails" time="0.014"/>
  <testcase classname="testcases.GiftCardCheck" name="compareDetails" time="0.019"/>
</testsuite> <!-- testcases.GiftCardCheck -->
