<?xml version="1.0" encoding="UTF-8"?>
<!-- Generated by org.testng.reporters.JUnitReportReporter -->
<testsuite hostname="LTIN203200" failures="0" tests="31" name="testcases.EndtoEnd" time="67.453" errors="0" timestamp="2024-02-29T11:38:38 IST" skipped="0">
  <testcase classname="testcases.EndtoEnd" name="verifyBookShelves" time="0.892"/>
  <testcase classname="testcases.EndtoEnd" name="clickBookShelves" time="1.884"/>
  <testcase classname="testcases.EndtoEnd" name="checkpopup" time="3.532"/>
  <testcase classname="testcases.EndtoEnd" name="popupClose" time="0.409"/>
  <testcase classname="testcases.EndtoEnd" name="checkpriceFilter" time="0.184"/>
  <testcase classname="testcases.EndtoEnd" name="setPriceFilter" time="1.087"/>
  <testcase classname="testcases.EndtoEnd" name="checksort" time="0.162"/>
  <testcase classname="testcases.EndtoEnd" name="sortByPriceHighToLow" time="1.223"/>
  <testcase classname="testcases.EndtoEnd" name="checkcategory" time="0.188"/>
  <testcase classname="testcases.EndtoEnd" name="chooseCategory" time="0.372"/>
  <testcase classname="testcases.EndtoEnd" name="checkCheckbox" time="0.143"/>
  <testcase classname="testcases.EndtoEnd" name="outOfStockCheckbox" time="0.368"/>
  <testcase classname="testcases.EndtoEnd" name="getBookDetails" time="1.096"/>
  <testcase classname="testcases.EndtoEnd" name="writeExcel" time="3.815"/>
  <testcase classname="testcases.EndtoEnd" name="CheckLiving" time="0.185"/>
  <testcase classname="testcases.EndtoEnd" name="SelectLiving" time="0.229"/>
  <testcase classname="testcases.EndtoEnd" name="getLivingDetails" time="1.297"/>
  <testcase classname="testcases.EndtoEnd" name="collectingDetails" time="0.193"/>
  <testcase classname="testcases.EndtoEnd" name="CheckGiftCards" time="1.550"/>
  <testcase classname="testcases.EndtoEnd" name="GetGiftCards" time="41.556"/>
  <testcase classname="testcases.EndtoEnd" name="CheckBirthday" time="0.247"/>
  <testcase classname="testcases.EndtoEnd" name="SelectBirthday" time="0.285"/>
  <testcase classname="testcases.EndtoEnd" name="Checkcustomizationvisible" time="0.242"/>
  <testcase classname="testcases.EndtoEnd" name="Customizing" time="1.195"/>
  <testcase classname="testcases.EndtoEnd" name="filldetailsvisible" time="0.105"/>
  <testcase classname="testcases.EndtoEnd" name="invalidDetailsFilling" time="2.980"/>
  <testcase classname="testcases.EndtoEnd" name="captureAndDisplayErrorMessage" time="0.457"/>
  <testcase classname="testcases.EndtoEnd" name="validateDetails" time="0.800"/>
  <testcase classname="testcases.EndtoEnd" name="validateAllDetails" time="0.769"/>
  <testcase classname="testcases.EndtoEnd" name="writeDetailsToJson" time="0.002"/>
  <testcase classname="testcases.EndtoEnd" name="compareDetails" time="0.006"/>
</testsuite> <!-- testcases.EndtoEnd -->
