<?xml version="1.0" encoding="UTF-8"?>
<!-- Generated by org.testng.reporters.JUnitReportReporter -->
<testsuite hostname="LTIN203200" failures="0" tests="28" name="testcases.BookshelvesCheck" time="48.225" errors="0" timestamp="2024-03-05T09:18:04 IST" skipped="0">
  <testcase classname="testcases.BookshelvesCheck" name="verifyBookShelves" time="2.143"/>
  <testcase classname="testcases.BookshelvesCheck" name="verifyBookShelves" time="2.343"/>
  <testcase classname="testcases.BookshelvesCheck" name="clickBookShelves" time="3.277"/>
  <testcase classname="testcases.BookshelvesCheck" name="clickBookShelves" time="21.390"/>
  <testcase classname="testcases.BookshelvesCheck" name="checkpopup" time="1.536"/>
  <testcase classname="testcases.BookshelvesCheck" name="checkpopup" time="2.195"/>
  <testcase classname="testcases.BookshelvesCheck" name="popupClose" time="0.834"/>
  <testcase classname="testcases.BookshelvesCheck" name="popupClose" time="0.569"/>
  <testcase classname="testcases.BookshelvesCheck" name="checkpriceFilter" time="0.296"/>
  <testcase classname="testcases.BookshelvesCheck" name="checkpriceFilter" time="0.588"/>
  <testcase classname="testcases.BookshelvesCheck" name="setPriceFilter" time="1.126"/>
  <testcase classname="testcases.BookshelvesCheck" name="setPriceFilter" time="1.451"/>
  <testcase classname="testcases.BookshelvesCheck" name="checksort" time="0.551"/>
  <testcase classname="testcases.BookshelvesCheck" name="checksort" time="0.146"/>
  <testcase classname="testcases.BookshelvesCheck" name="sortByPriceHighToLow" time="0.648"/>
  <testcase classname="testcases.BookshelvesCheck" name="sortByPriceHighToLow" time="0.571"/>
  <testcase classname="testcases.BookshelvesCheck" name="checkcategory" time="0.211"/>
  <testcase classname="testcases.BookshelvesCheck" name="checkcategory" time="0.164"/>
  <testcase classname="testcases.BookshelvesCheck" name="chooseCategory" time="0.930"/>
  <testcase classname="testcases.BookshelvesCheck" name="chooseCategory" time="1.385"/>
  <testcase classname="testcases.BookshelvesCheck" name="checkCheckbox" time="0.249"/>
  <testcase classname="testcases.BookshelvesCheck" name="checkCheckbox" time="0.204"/>
  <testcase classname="testcases.BookshelvesCheck" name="outOfStockCheckbox" time="0.300"/>
  <testcase classname="testcases.BookshelvesCheck" name="outOfStockCheckbox" time="0.233"/>
  <testcase classname="testcases.BookshelvesCheck" name="getBookDetails" time="1.230"/>
  <testcase classname="testcases.BookshelvesCheck" name="getBookDetails" time="0.601"/>
  <testcase classname="testcases.BookshelvesCheck" name="writeExcel" time="2.894"/>
  <testcase classname="testcases.BookshelvesCheck" name="writeExcel" time="0.160"/>
</testsuite> <!-- testcases.BookshelvesCheck -->
