<?xml version="1.0" encoding="UTF-8"?>
<!-- Generated by org.testng.reporters.JUnitReportReporter -->
<testsuite hostname="LTIN203200" failures="0" tests="3" name="smoketest.SmokeTestclass" time="22.393" errors="0" timestamp="2024-02-29T14:02:09 IST" skipped="0">
  <testcase classname="smoketest.SmokeTestclass" name="bookshelf" time="9.390"/>
  <testcase classname="smoketest.SmokeTestclass" name="dropdown" time="0.377"/>
  <testcase classname="smoketest.SmokeTestclass" name="giftcard" time="12.626"/>
</testsuite> <!-- smoketest.SmokeTestclass -->
