<?xml version="1.0" encoding="UTF-8"?>
<!-- Generated by org.testng.reporters.JUnitReportReporter -->
<testsuite hostname="LTIN203200" failures="0" tests="28" name="testcases.BookshelvesCheck" time="24.043" errors="0" timestamp="2024-03-05T09:43:06 IST" skipped="0">
  <testcase classname="testcases.BookshelvesCheck" name="verifyBookShelves" time="0.456"/>
  <testcase classname="testcases.BookshelvesCheck" name="verifyBookShelves" time="0.328"/>
  <testcase classname="testcases.BookshelvesCheck" name="clickBookShelves" time="2.975"/>
  <testcase classname="testcases.BookshelvesCheck" name="clickBookShelves" time="2.730"/>
  <testcase classname="testcases.BookshelvesCheck" name="checkpopup" time="1.998"/>
  <testcase classname="testcases.BookshelvesCheck" name="checkpopup" time="2.437"/>
  <testcase classname="testcases.BookshelvesCheck" name="popupClose" time="0.406"/>
  <testcase classname="testcases.BookshelvesCheck" name="popupClose" time="0.744"/>
  <testcase classname="testcases.BookshelvesCheck" name="checkpriceFilter" time="0.211"/>
  <testcase classname="testcases.BookshelvesCheck" name="checkpriceFilter" time="0.146"/>
  <testcase classname="testcases.BookshelvesCheck" name="setPriceFilter" time="1.101"/>
  <testcase classname="testcases.BookshelvesCheck" name="setPriceFilter" time="1.350"/>
  <testcase classname="testcases.BookshelvesCheck" name="checksort" time="0.134"/>
  <testcase classname="testcases.BookshelvesCheck" name="checksort" time="0.408"/>
  <testcase classname="testcases.BookshelvesCheck" name="sortByPriceHighToLow" time="0.593"/>
  <testcase classname="testcases.BookshelvesCheck" name="sortByPriceHighToLow" time="0.389"/>
  <testcase classname="testcases.BookshelvesCheck" name="checkcategory" time="0.122"/>
  <testcase classname="testcases.BookshelvesCheck" name="checkcategory" time="0.174"/>
  <testcase classname="testcases.BookshelvesCheck" name="chooseCategory" time="0.595"/>
  <testcase classname="testcases.BookshelvesCheck" name="chooseCategory" time="0.988"/>
  <testcase classname="testcases.BookshelvesCheck" name="checkCheckbox" time="0.127"/>
  <testcase classname="testcases.BookshelvesCheck" name="checkCheckbox" time="0.100"/>
  <testcase classname="testcases.BookshelvesCheck" name="outOfStockCheckbox" time="0.261"/>
  <testcase classname="testcases.BookshelvesCheck" name="outOfStockCheckbox" time="0.619"/>
  <testcase classname="testcases.BookshelvesCheck" name="getBookDetails" time="0.599"/>
  <testcase classname="testcases.BookshelvesCheck" name="getBookDetails" time="1.517"/>
  <testcase classname="testcases.BookshelvesCheck" name="writeExcel" time="2.425"/>
  <testcase classname="testcases.BookshelvesCheck" name="writeExcel" time="0.110"/>
</testsuite> <!-- testcases.BookshelvesCheck -->
