<?xml version="1.0" encoding="UTF-8"?>
<!-- Generated by org.testng.reporters.JUnitReportReporter -->
<testsuite hostname="LTIN203200" failures="0" tests="26" name="testcases.GiftCardCheck" time="48.752" errors="0" timestamp="2024-03-05T09:43:06 IST" skipped="0">
  <testcase classname="testcases.GiftCardCheck" name="CheckGiftCards" time="2.772"/>
  <testcase classname="testcases.GiftCardCheck" name="CheckGiftCards" time="3.852"/>
  <testcase classname="testcases.GiftCardCheck" name="GetGiftCards" time="12.203"/>
  <testcase classname="testcases.GiftCardCheck" name="GetGiftCards" time="14.210"/>
  <testcase classname="testcases.GiftCardCheck" name="CheckBirthday" time="0.476"/>
  <testcase classname="testcases.GiftCardCheck" name="CheckBirthday" time="0.155"/>
  <testcase classname="testcases.GiftCardCheck" name="SelectBirthday" time="0.292"/>
  <testcase classname="testcases.GiftCardCheck" name="SelectBirthday" time="0.175"/>
  <testcase classname="testcases.GiftCardCheck" name="Checkcustomizationvisible" time="0.378"/>
  <testcase classname="testcases.GiftCardCheck" name="Checkcustomizationvisible" time="0.099"/>
  <testcase classname="testcases.GiftCardCheck" name="Customizing" time="1.211"/>
  <testcase classname="testcases.GiftCardCheck" name="Customizing" time="1.847"/>
  <testcase classname="testcases.GiftCardCheck" name="filldetailsvisible" time="0.714"/>
  <testcase classname="testcases.GiftCardCheck" name="filldetailsvisible" time="0.305"/>
  <testcase classname="testcases.GiftCardCheck" name="invalidDetailsFilling" time="3.987"/>
  <testcase classname="testcases.GiftCardCheck" name="invalidDetailsFilling" time="1.957"/>
  <testcase classname="testcases.GiftCardCheck" name="captureAndDisplayErrorMessage" time="0.273"/>
  <testcase classname="testcases.GiftCardCheck" name="captureAndDisplayErrorMessage" time="0.654"/>
  <testcase classname="testcases.GiftCardCheck" name="validateDetails" time="0.809"/>
  <testcase classname="testcases.GiftCardCheck" name="validateDetails" time="1.079"/>
  <testcase classname="testcases.GiftCardCheck" name="validateAllDetails" time="0.819"/>
  <testcase classname="testcases.GiftCardCheck" name="validateAllDetails" time="0.470"/>
  <testcase classname="testcases.GiftCardCheck" name="writeDetailsToJson" time="0.000"/>
  <testcase classname="testcases.GiftCardCheck" name="writeDetailsToJson" time="0.000"/>
  <testcase classname="testcases.GiftCardCheck" name="compareDetails" time="0.010"/>
  <testcase classname="testcases.GiftCardCheck" name="compareDetails" time="0.005"/>
</testsuite> <!-- testcases.GiftCardCheck -->
